<?xml version="1.0" encoding="UTF-8"?>
<!-- Generated by org.testng.reporters.JUnitReportReporter -->
<testsuite skipped="0" hostname="MININT-7D83EEJ" name="test.test" tests="1" failures="0" timestamp="26 Oct 2018 13:45:13 GMT" time="0.020" errors="0">
  <testcase name="test" time="0.020" classname="test.test"/>
</testsuite> <!-- test.test -->
